<?xml version="1.0" encoding="UTF-8"?>
<testng-results ignored="0" total="2" passed="2" failed="0" skipped="0">
  <reporter-output>
  </reporter-output>
  <suite started-at="2023-04-29T01:32:30 BST" name="OpencartSuite" finished-at="2023-04-29T01:32:52 BST" duration-ms="21354">
    <groups>
      <group name="Master">
        <method signature="TC_001_AccountRegistrationTest.test_account_Registration()[pri:0, instance:testCases.TC_001_AccountRegistrationTest@5c33f1a9]" name="test_account_Registration" class="testCases.TC_001_AccountRegistrationTest"/>
        <method signature="TC_002_Login.test_Login()[pri:0, instance:testCases.TC_002_Login@6069db50]" name="test_Login" class="testCases.TC_002_Login"/>
      </group> <!-- Master -->
      <group name="Sanity">
        <method signature="TC_002_Login.test_Login()[pri:0, instance:testCases.TC_002_Login@6069db50]" name="test_Login" class="testCases.TC_002_Login"/>
      </group> <!-- Sanity -->
      <group name="Regression">
        <method signature="TC_001_AccountRegistrationTest.test_account_Registration()[pri:0, instance:testCases.TC_001_AccountRegistrationTest@5c33f1a9]" name="test_account_Registration" class="testCases.TC_001_AccountRegistrationTest"/>
      </group> <!-- Regression -->
    </groups>
    <test started-at="2023-04-29T01:32:30 BST" name="OpencartTest" finished-at="2023-04-29T01:32:52 BST" duration-ms="21354">
      <class name="testCases.TC_001_AccountRegistrationTest">
        <test-method is-config="true" signature="setup(java.lang.String)[pri:0, instance:testCases.TC_001_AccountRegistrationTest@5c33f1a9]" started-at="2023-04-29T01:32:31 BST" name="setup" finished-at="2023-04-29T01:32:40 BST" duration-ms="9055" status="PASS">
          <params>
            <param index="0">
              <value>
                <![CDATA[chrome]]>
              </value>
            </param>
          </params>
          <reporter-output>
          </reporter-output>
        </test-method> <!-- setup -->
        <test-method signature="test_account_Registration()[pri:0, instance:testCases.TC_001_AccountRegistrationTest@5c33f1a9]" started-at="2023-04-29T01:32:40 BST" name="test_account_Registration" finished-at="2023-04-29T01:32:46 BST" duration-ms="5985" status="PASS">
          <reporter-output>
          </reporter-output>
        </test-method> <!-- test_account_Registration -->
        <test-method is-config="true" signature="tearDown()[pri:0, instance:testCases.TC_001_AccountRegistrationTest@5c33f1a9]" started-at="2023-04-29T01:32:46 BST" name="tearDown" finished-at="2023-04-29T01:32:46 BST" duration-ms="318" status="PASS">
          <reporter-output>
          </reporter-output>
        </test-method> <!-- tearDown -->
      </class> <!-- testCases.TC_001_AccountRegistrationTest -->
      <class name="testCases.TC_002_Login">
        <test-method is-config="true" signature="setup(java.lang.String)[pri:0, instance:testCases.TC_002_Login@6069db50]" started-at="2023-04-29T01:32:46 BST" name="setup" finished-at="2023-04-29T01:32:49 BST" duration-ms="2928" status="PASS">
          <params>
            <param index="0">
              <value>
                <![CDATA[chrome]]>
              </value>
            </param>
          </params>
          <reporter-output>
          </reporter-output>
        </test-method> <!-- setup -->
        <test-method signature="test_Login()[pri:0, instance:testCases.TC_002_Login@6069db50]" started-at="2023-04-29T01:32:49 BST" name="test_Login" finished-at="2023-04-29T01:32:51 BST" duration-ms="2358" status="PASS">
          <reporter-output>
          </reporter-output>
        </test-method> <!-- test_Login -->
        <test-method is-config="true" signature="tearDown()[pri:0, instance:testCases.TC_002_Login@6069db50]" started-at="2023-04-29T01:32:51 BST" name="tearDown" finished-at="2023-04-29T01:32:52 BST" duration-ms="342" status="PASS">
          <reporter-output>
          </reporter-output>
        </test-method> <!-- tearDown -->
      </class> <!-- testCases.TC_002_Login -->
    </test> <!-- OpencartTest -->
  </suite> <!-- OpencartSuite -->
</testng-results>
