<?xml version="1.0" encoding="UTF-8"?>
<!-- Generated by org.testng.reporters.JUnitXMLReporter -->
<testsuite ignored="1" hostname="Paulson" failures="0" tests="1" name="OpencartTest" time="15.81" errors="0" timestamp="2023-04-28T22:42:14 BST">
  <testcase classname="testCases.TC_001_AccountRegistrationTest" name="test_account_Registration" time="5.593"/>
  <testcase classname="testCases.TC_002_Login" name="test_Login" time="0.0">
    <ignored/>
  </testcase> <!-- test_Login -->
</testsuite> <!-- OpencartTest -->
